<?xml version="1.0" encoding="UTF-8"?>
<testsuite name="com.bridgelabz.UserValidatorTest" tests="1" skipped="0" failures="0" errors="0" timestamp="2021-03-19T16:04:37" hostname="DESKTOP-GFV8CMG" time="0.02">
  <properties/>
  <testcase name="givenEmail_WhenProper_ShouldReturnTrue()" classname="com.bridgelabz.UserValidatorTest" time="0.02"/>
  <system-out><![CDATA[]]></system-out>
  <system-err><![CDATA[]]></system-err>
</testsuite>
