<?xml version="1.0" encoding="UTF-8"?>
<testsuite name="com.bridgelabz.UserValidatorTest" tests="1" skipped="0" failures="0" errors="0" timestamp="2021-03-19T15:26:42" hostname="DESKTOP-GFV8CMG" time="0.04">
  <properties/>
  <testcase name="givenLastName_WhenShort_ShouldReturnFalse()" classname="com.bridgelabz.UserValidatorTest" time="0.04"/>
  <system-out><![CDATA[]]></system-out>
  <system-err><![CDATA[]]></system-err>
</testsuite>
