<?xml version="1.0" encoding="UTF-8"?>
<testsuite name="com.bridgelabz.UserValidatorTest" tests="1" skipped="0" failures="0" errors="0" timestamp="2021-03-19T16:47:19" hostname="DESKTOP-GFV8CMG" time="0.021">
  <properties/>
  <testcase name="givenPasswordRule3_WhenProper_ShouldReturnTrue()" classname="com.bridgelabz.UserValidatorTest" time="0.021"/>
  <system-out><![CDATA[]]></system-out>
  <system-err><![CDATA[]]></system-err>
</testsuite>
