<?xml version="1.0" encoding="UTF-8"?>
<testsuite name="com.bridgelabz.UserValidatorTest" tests="1" skipped="0" failures="0" errors="0" timestamp="2021-03-19T15:01:51" hostname="DESKTOP-GFV8CMG" time="0.024">
  <properties/>
  <testcase name="givenFirstName_WhenShort_ShouldReturnFalse()" classname="com.bridgelabz.UserValidatorTest" time="0.024"/>
  <system-out><![CDATA[]]></system-out>
  <system-err><![CDATA[]]></system-err>
</testsuite>
